[INFO] Scanning for projects...
[INFO] Inspecting build with total of 1 modules...
[INFO] Installing Nexus Staging features:
[INFO]   ... total of 1 executions of maven-deploy-plugin replaced with nexus-staging-maven-plugin
[INFO] 
[INFO] --------------------< com.cedarsoftware:java-util >---------------------
[INFO] Building java-util 3.3.3-SNAPSHOT
[INFO]   from pom.xml
[INFO] -------------------------------[ bundle ]-------------------------------
[WARNING] Ignoring incompatible plugin version 4.0.0-beta-1: The plugin org.apache.maven.plugins:maven-resources-plugin:4.0.0-beta-1 requires Maven version 4.0.0-beta-3
[INFO] Latest version of plugin org.apache.maven.plugins:maven-resources-plugin failed compatibility check
[INFO] Looking for compatible RELEASE version of plugin org.apache.maven.plugins:maven-resources-plugin
[INFO] Selected plugin org.apache.maven.plugins:maven-resources-plugin:3.4.0
[WARNING] Ignoring incompatible plugin version 4.0.0-beta-2: The plugin org.apache.maven.plugins:maven-install-plugin:4.0.0-beta-2 requires Maven version 4.0.0-rc-2
[INFO] Latest version of plugin org.apache.maven.plugins:maven-install-plugin failed compatibility check
[INFO] Looking for compatible RELEASE version of plugin org.apache.maven.plugins:maven-install-plugin
[WARNING] Ignoring incompatible plugin version 4.0.0-beta-1: The plugin org.apache.maven.plugins:maven-install-plugin:4.0.0-beta-1 requires Maven version 4.0.0-beta-3
[INFO] Selected plugin org.apache.maven.plugins:maven-install-plugin:3.1.4
[WARNING] Ignoring incompatible plugin version 4.0.0-beta-2: The plugin org.apache.maven.plugins:maven-deploy-plugin:4.0.0-beta-2 requires Maven version 4.0.0-rc-2
[INFO] Latest version of plugin org.apache.maven.plugins:maven-deploy-plugin failed compatibility check
[INFO] Looking for compatible RELEASE version of plugin org.apache.maven.plugins:maven-deploy-plugin
[WARNING] Ignoring incompatible plugin version 4.0.0-beta-1: The plugin org.apache.maven.plugins:maven-deploy-plugin:4.0.0-beta-1 requires Maven version 4.0.0-beta-3
[INFO] Selected plugin org.apache.maven.plugins:maven-deploy-plugin:3.1.4
[INFO] 
[INFO] --- resources:3.4.0:resources (default-resources) @ java-util ---
[INFO] skip non existing resourceDirectory /Users/atish/Documents/Agent-PR/msr-mining-2026/scripts/accepted-pr-repos/java-util/src/main/resources
[INFO] 
[INFO] --- compiler:3.14.0:compile (default-compile) @ java-util ---
[INFO] Nothing to compile - all classes are up to date.
[INFO] 
[INFO] --- bundle:6.0.0:manifest (bundle-manifest) @ java-util ---
[INFO] Writing manifest: /Users/atish/Documents/Agent-PR/msr-mining-2026/scripts/accepted-pr-repos/java-util/target/classes/META-INF/MANIFEST.MF
[INFO] 
[INFO] --- resources:3.4.0:testResources (default-testResources) @ java-util ---
[INFO] Copying 8 resources from src/test/resources to target/test-classes
[INFO] 
[INFO] --- compiler:3.14.0:testCompile (default-testCompile) @ java-util ---
[INFO] Recompiling the module because of changed source code.
[INFO] Compiling 81 source files with javac [debug release 8] to target/test-classes
[WARNING] source value 8 is obsolete and will be removed in a future release
[WARNING] target value 8 is obsolete and will be removed in a future release
[WARNING] To suppress warnings about obsolete options, use -Xlint:-options.
[INFO] /Users/atish/Documents/Agent-PR/msr-mining-2026/scripts/accepted-pr-repos/java-util/src/test/java/com/cedarsoftware/util/ProxyFactoryTest.java: Some input files use or override a deprecated API.
[INFO] /Users/atish/Documents/Agent-PR/msr-mining-2026/scripts/accepted-pr-repos/java-util/src/test/java/com/cedarsoftware/util/ProxyFactoryTest.java: Recompile with -Xlint:deprecation for details.
[INFO] /Users/atish/Documents/Agent-PR/msr-mining-2026/scripts/accepted-pr-repos/java-util/src/test/java/com/cedarsoftware/util/CaseInsensitiveMapTest.java: Some input files use unchecked or unsafe operations.
[INFO] /Users/atish/Documents/Agent-PR/msr-mining-2026/scripts/accepted-pr-repos/java-util/src/test/java/com/cedarsoftware/util/CaseInsensitiveMapTest.java: Recompile with -Xlint:unchecked for details.
[INFO] 
[INFO] --- surefire:3.5.3:test (default-test) @ java-util ---
[INFO] Using auto detected provider org.apache.maven.surefire.junitplatform.JUnitPlatformProvider
[INFO] 
[INFO] -------------------------------------------------------
[INFO]  T E S T S
[INFO] -------------------------------------------------------
[INFO] Running com.cedarsoftware.util.ArrayUtilitiesTest
[INFO] Tests run: 11, Failures: 0, Errors: 0, Skipped: 0, Time elapsed: 0.021 s -- in com.cedarsoftware.util.ArrayUtilitiesTest
[INFO] Running com.cedarsoftware.util.ByteUtilitiesTest
[INFO] Tests run: 4, Failures: 0, Errors: 0, Skipped: 0, Time elapsed: 0.003 s -- in com.cedarsoftware.util.ByteUtilitiesTest
[INFO] Running com.cedarsoftware.util.CaseInsensitiveMapConstructorTest
[INFO] Tests run: 3, Failures: 0, Errors: 0, Skipped: 0, Time elapsed: 0.003 s -- in com.cedarsoftware.util.CaseInsensitiveMapConstructorTest
[INFO] Running com.cedarsoftware.util.CaseInsensitiveMapRegistryTest
[INFO] Tests run: 6, Failures: 0, Errors: 0, Skipped: 0, Time elapsed: 0.007 s -- in com.cedarsoftware.util.CaseInsensitiveMapRegistryTest
[INFO] Running com.cedarsoftware.util.CaseInsensitiveMapTest
[WARNING] Tests run: 124, Failures: 0, Errors: 0, Skipped: 3, Time elapsed: 0.050 s -- in com.cedarsoftware.util.CaseInsensitiveMapTest
[INFO] Running com.cedarsoftware.util.CaseInsensitiveSetTest
[INFO] Tests run: 32, Failures: 0, Errors: 0, Skipped: 0, Time elapsed: 0.007 s -- in com.cedarsoftware.util.CaseInsensitiveSetTest
[INFO] Running com.cedarsoftware.util.ClassFinderTest
[INFO] Tests run: 9, Failures: 0, Errors: 0, Skipped: 0, Time elapsed: 0.012 s -- in com.cedarsoftware.util.ClassFinderTest
[INFO] Running com.cedarsoftware.util.ClassUtilitiesResourceLoadingTest
[INFO] Tests run: 2, Failures: 0, Errors: 0, Skipped: 0, Time elapsed: 0.001 s -- in com.cedarsoftware.util.ClassUtilitiesResourceLoadingTest
[INFO] Running com.cedarsoftware.util.ClassUtilitiesTest
[INFO] Tests run: 51, Failures: 0, Errors: 0, Skipped: 0, Time elapsed: 0.067 s -- in com.cedarsoftware.util.ClassUtilitiesTest
[INFO] Running com.cedarsoftware.util.ClassValueMapTest
[WARNING] Tests run: 14, Failures: 0, Errors: 0, Skipped: 1, Time elapsed: 0.005 s -- in com.cedarsoftware.util.ClassValueMapTest
[INFO] Running com.cedarsoftware.util.ClassValueSetTest
[WARNING] Tests run: 17, Failures: 0, Errors: 0, Skipped: 1, Time elapsed: 0.006 s -- in com.cedarsoftware.util.ClassValueSetTest
[INFO] Running com.cedarsoftware.util.CollectionUtilitiesTests
[INFO] Tests run: 21, Failures: 0, Errors: 0, Skipped: 0, Time elapsed: 0.027 s -- in com.cedarsoftware.util.CollectionUtilitiesTests
[INFO] Running com.cedarsoftware.util.CompactMapBuilderConfigTest
[INFO] Tests run: 23, Failures: 0, Errors: 0, Skipped: 0, Time elapsed: 0.588 s -- in com.cedarsoftware.util.CompactMapBuilderConfigTest
[INFO] Running com.cedarsoftware.util.CompactMapLegacyConfigTest
[INFO] Tests run: 10, Failures: 0, Errors: 0, Skipped: 0, Time elapsed: 0.003 s -- in com.cedarsoftware.util.CompactMapLegacyConfigTest
[INFO] Running com.cedarsoftware.util.CompactMapPutAllTest
[INFO] Tests run: 2, Failures: 0, Errors: 0, Skipped: 0, Time elapsed: 0.001 s -- in com.cedarsoftware.util.CompactMapPutAllTest
[INFO] Running com.cedarsoftware.util.CompactMapTest
[WARNING] Tests run: 107, Failures: 0, Errors: 0, Skipped: 1, Time elapsed: 0.595 s -- in com.cedarsoftware.util.CompactMapTest
[INFO] Running com.cedarsoftware.util.CompactOrderingTest
[INFO] Tests run: 20, Failures: 0, Errors: 0, Skipped: 0, Time elapsed: 0.148 s -- in com.cedarsoftware.util.CompactOrderingTest
[INFO] Running com.cedarsoftware.util.CompactSetTest
[WARNING] Tests run: 31, Failures: 0, Errors: 0, Skipped: 1, Time elapsed: 0.122 s -- in com.cedarsoftware.util.CompactSetTest
[INFO] Running com.cedarsoftware.util.CompileClassResourceTest
[INFO] Tests run: 1, Failures: 0, Errors: 0, Skipped: 0, Time elapsed: 0.016 s -- in com.cedarsoftware.util.CompileClassResourceTest
[INFO] Running com.cedarsoftware.util.ConcurrentHashMapNullSafeTest
[WARNING] Tests run: 37, Failures: 0, Errors: 0, Skipped: 1, Time elapsed: 0.045 s -- in com.cedarsoftware.util.ConcurrentHashMapNullSafeTest
[INFO] Running com.cedarsoftware.util.ConcurrentList2Test
[INFO] Tests run: 1, Failures: 0, Errors: 0, Skipped: 0, Time elapsed: 0.251 s -- in com.cedarsoftware.util.ConcurrentList2Test
[INFO] Running com.cedarsoftware.util.ConcurrentListTest
[WARNING] Tests run: 17, Failures: 0, Errors: 0, Skipped: 1, Time elapsed: 0.004 s -- in com.cedarsoftware.util.ConcurrentListTest
[INFO] Running com.cedarsoftware.util.ConcurrentNavigableMapNullSafeTest
[WARNING] Tests run: 36, Failures: 0, Errors: 0, Skipped: 1, Time elapsed: 0.207 s -- in com.cedarsoftware.util.ConcurrentNavigableMapNullSafeTest
[INFO] Running com.cedarsoftware.util.ConcurrentNavigableSetNullSafeTest
[INFO] Tests run: 21, Failures: 0, Errors: 0, Skipped: 0, Time elapsed: 0.006 s -- in com.cedarsoftware.util.ConcurrentNavigableSetNullSafeTest
[INFO] Running com.cedarsoftware.util.ConcurrentSetTest
[INFO] Tests run: 17, Failures: 0, Errors: 0, Skipped: 0, Time elapsed: 0.031 s -- in com.cedarsoftware.util.ConcurrentSetTest
[INFO] Running com.cedarsoftware.util.ConventionTest
[INFO] Tests run: 16, Failures: 0, Errors: 0, Skipped: 0, Time elapsed: 0.005 s -- in com.cedarsoftware.util.ConventionTest
[INFO] Running com.cedarsoftware.util.DateUtilitiesNegativeTests
[INFO] Tests run: 13, Failures: 0, Errors: 0, Skipped: 0, Time elapsed: 0.006 s -- in com.cedarsoftware.util.DateUtilitiesNegativeTests
[INFO] Running com.cedarsoftware.util.DateUtilitiesTest
[INFO] Tests run: 184, Failures: 0, Errors: 0, Skipped: 0, Time elapsed: 0.058 s -- in com.cedarsoftware.util.DateUtilitiesTest
[INFO] Running com.cedarsoftware.util.DeepEqualsComplexTest
[INFO] Tests run: 23, Failures: 0, Errors: 0, Skipped: 0, Time elapsed: 0.023 s -- in com.cedarsoftware.util.DeepEqualsComplexTest
[INFO] Running com.cedarsoftware.util.DeepEqualsDifferenceTest
[INFO] Tests run: 8, Failures: 0, Errors: 0, Skipped: 0, Time elapsed: 0.002 s -- in com.cedarsoftware.util.DeepEqualsDifferenceTest
[INFO] Running com.cedarsoftware.util.DeepEqualsGenericsTest
[INFO] Tests run: 13, Failures: 0, Errors: 0, Skipped: 0, Time elapsed: 0.002 s -- in com.cedarsoftware.util.DeepEqualsGenericsTest
[INFO] Running com.cedarsoftware.util.DeepEqualsTest
[INFO] Tests run: 72, Failures: 0, Errors: 0, Skipped: 0, Time elapsed: 0.032 s -- in com.cedarsoftware.util.DeepEqualsTest
[INFO] Running com.cedarsoftware.util.DeepEqualsUnorderedTest
[INFO] Tests run: 1, Failures: 0, Errors: 0, Skipped: 0, Time elapsed: 0 s -- in com.cedarsoftware.util.DeepEqualsUnorderedTest
[INFO] Running com.cedarsoftware.util.EncryptionTest
[INFO] Tests run: 13, Failures: 0, Errors: 0, Skipped: 0, Time elapsed: 0.199 s -- in com.cedarsoftware.util.EncryptionTest
[INFO] Running com.cedarsoftware.util.ExceptionUtilitiesTest
[INFO] Tests run: 4, Failures: 0, Errors: 0, Skipped: 0, Time elapsed: 0.001 s -- in com.cedarsoftware.util.ExceptionUtilitiesTest
[INFO] Running com.cedarsoftware.util.ExecutorTest
[INFO] Tests run: 1, Failures: 0, Errors: 0, Skipped: 0, Time elapsed: 0.007 s -- in com.cedarsoftware.util.ExecutorTest
[INFO] Running com.cedarsoftware.util.FastByteArrayInputStreamTest
[INFO] Tests run: 29, Failures: 0, Errors: 0, Skipped: 0, Time elapsed: 0.005 s -- in com.cedarsoftware.util.FastByteArrayInputStreamTest
[INFO] Running com.cedarsoftware.util.FastByteArrayOutputStreamTest
[INFO] Tests run: 28, Failures: 0, Errors: 0, Skipped: 0, Time elapsed: 0.004 s -- in com.cedarsoftware.util.FastByteArrayOutputStreamTest
[INFO] Running com.cedarsoftware.util.FastReaderTest
[INFO] Tests run: 38, Failures: 0, Errors: 0, Skipped: 0, Time elapsed: 0.004 s -- in com.cedarsoftware.util.FastReaderTest
[INFO] Running com.cedarsoftware.util.FastWriterTest
[INFO] Tests run: 36, Failures: 0, Errors: 0, Skipped: 0, Time elapsed: 0.004 s -- in com.cedarsoftware.util.FastWriterTest
[INFO] Running com.cedarsoftware.util.GraphComparatorTest
java-util using node id=87 for last two digits of generated unique IDs. Set using SecureRandom
[INFO] Tests run: 61, Failures: 0, Errors: 0, Skipped: 0, Time elapsed: 0.097 s -- in com.cedarsoftware.util.GraphComparatorTest
[INFO] Running com.cedarsoftware.util.IOUtilitiesTest
[INFO] Tests run: 21, Failures: 0, Errors: 0, Skipped: 0, Time elapsed: 0.067 s -- in com.cedarsoftware.util.IOUtilitiesTest
[INFO] Running com.cedarsoftware.util.InetAddressUtilitiesTest
[INFO] Tests run: 3, Failures: 0, Errors: 0, Skipped: 0, Time elapsed: 0.002 s -- in com.cedarsoftware.util.InetAddressUtilitiesTest
[INFO] Running com.cedarsoftware.util.LRUCacheTest
[WARNING] Tests run: 52, Failures: 0, Errors: 0, Skipped: 4, Time elapsed: 0.219 s -- in com.cedarsoftware.util.LRUCacheTest
[INFO] Running com.cedarsoftware.util.MapUtilitiesTest
[INFO] Tests run: 5, Failures: 0, Errors: 0, Skipped: 0, Time elapsed: 0.001 s -- in com.cedarsoftware.util.MapUtilitiesTest
[INFO] Running com.cedarsoftware.util.MathUtilitiesTest
[WARNING] Tests run: 23, Failures: 0, Errors: 0, Skipped: 4, Time elapsed: 0.003 s -- in com.cedarsoftware.util.MathUtilitiesTest
[INFO] Running com.cedarsoftware.util.ProxyFactoryTest
[INFO] Tests run: 2, Failures: 0, Errors: 0, Skipped: 0, Time elapsed: 0.001 s -- in com.cedarsoftware.util.ProxyFactoryTest
[INFO] Running com.cedarsoftware.util.ReflectionUtilsTest
[INFO] Tests run: 37, Failures: 0, Errors: 0, Skipped: 0, Time elapsed: 0.010 s -- in com.cedarsoftware.util.ReflectionUtilsTest
[INFO] Running com.cedarsoftware.util.SimpleDateFormatTest
[WARNING] Tests run: 14, Failures: 0, Errors: 0, Skipped: 2, Time elapsed: 0.020 s -- in com.cedarsoftware.util.SimpleDateFormatTest
[INFO] Running com.cedarsoftware.util.StringUtilitiesTest
[INFO] Tests run: 177, Failures: 0, Errors: 0, Skipped: 0, Time elapsed: 0.130 s -- in com.cedarsoftware.util.StringUtilitiesTest
[INFO] Running com.cedarsoftware.util.SystemUtilitiesTest
[INFO] Tests run: 17, Failures: 0, Errors: 0, Skipped: 0, Time elapsed: 0.016 s -- in com.cedarsoftware.util.SystemUtilitiesTest
[INFO] Running com.cedarsoftware.util.TTLCacheTest
[WARNING] Tests run: 36, Failures: 0, Errors: 0, Skipped: 7, Time elapsed: 0.006 s -- in com.cedarsoftware.util.TTLCacheTest
[INFO] Running com.cedarsoftware.util.TestIO
[INFO] Tests run: 7, Failures: 0, Errors: 0, Skipped: 0, Time elapsed: 0.002 s -- in com.cedarsoftware.util.TestIO
[INFO] Running com.cedarsoftware.util.TestUtilTest
[INFO] Tests run: 2, Failures: 0, Errors: 0, Skipped: 0, Time elapsed: 0 s -- in com.cedarsoftware.util.TestUtilTest
[INFO] Running com.cedarsoftware.util.TrackingMapTest
[INFO] Tests run: 29, Failures: 0, Errors: 0, Skipped: 0, Time elapsed: 0.002 s -- in com.cedarsoftware.util.TrackingMapTest
[INFO] Running com.cedarsoftware.util.TraverserTest
[INFO] Tests run: 1, Failures: 0, Errors: 0, Skipped: 0, Time elapsed: 0.003 s -- in com.cedarsoftware.util.TraverserTest
[INFO] Running com.cedarsoftware.util.TypeHolderTest
[INFO] Tests run: 6, Failures: 0, Errors: 0, Skipped: 0, Time elapsed: 0 s -- in com.cedarsoftware.util.TypeHolderTest
[INFO] Running com.cedarsoftware.util.TypeUtilitiesTest
[INFO] Tests run: 44, Failures: 0, Errors: 0, Skipped: 0, Time elapsed: 0.007 s -- in com.cedarsoftware.util.TypeUtilitiesTest
[INFO] Running com.cedarsoftware.util.UniqueIdGeneratorTest
[WARNING] Tests run: 6, Failures: 0, Errors: 0, Skipped: 2, Time elapsed: 0.272 s -- in com.cedarsoftware.util.UniqueIdGeneratorTest
[INFO] Running com.cedarsoftware.util.convert.AtomicBooleanConversionsTests
[INFO] Tests run: 22, Failures: 0, Errors: 0, Skipped: 0, Time elapsed: 0.011 s -- in com.cedarsoftware.util.convert.AtomicBooleanConversionsTests
[INFO] Running com.cedarsoftware.util.convert.BooleanConversionsTests
[INFO] Tests run: 23, Failures: 0, Errors: 0, Skipped: 0, Time elapsed: 0.005 s -- in com.cedarsoftware.util.convert.BooleanConversionsTests
[INFO] Running com.cedarsoftware.util.convert.CalendarConversionsTest
[INFO] Tests run: 3, Failures: 0, Errors: 0, Skipped: 0, Time elapsed: 0.001 s -- in com.cedarsoftware.util.convert.CalendarConversionsTest
[INFO] Running com.cedarsoftware.util.convert.CharArrayConversionsTests
[INFO] Tests run: 6, Failures: 0, Errors: 0, Skipped: 0, Time elapsed: 0.002 s -- in com.cedarsoftware.util.convert.CharArrayConversionsTests
[INFO] Running com.cedarsoftware.util.convert.CharacterArrayConversionsTests
[INFO] Tests run: 6, Failures: 0, Errors: 0, Skipped: 0, Time elapsed: 0.001 s -- in com.cedarsoftware.util.convert.CharacterArrayConversionsTests
[INFO] Running com.cedarsoftware.util.convert.CharacterConversionsTests
[INFO] Tests run: 4, Failures: 0, Errors: 0, Skipped: 0, Time elapsed: 0.001 s -- in com.cedarsoftware.util.convert.CharacterConversionsTests
[INFO] Running com.cedarsoftware.util.convert.CollectionConversionTest
[INFO] Tests run: 10, Failures: 0, Errors: 0, Skipped: 0, Time elapsed: 0.002 s -- in com.cedarsoftware.util.convert.CollectionConversionTest
[INFO] Running com.cedarsoftware.util.convert.ConversionDateTest
[INFO] Tests run: 11, Failures: 0, Errors: 0, Skipped: 0, Time elapsed: 0.003 s -- in com.cedarsoftware.util.convert.ConversionDateTest
[INFO] Running com.cedarsoftware.util.convert.ConverterArrayCollectionTest
[INFO] Running com.cedarsoftware.util.convert.ConverterArrayCollectionTest$ArrayCollectionConversionTests
[INFO] Tests run: 12, Failures: 0, Errors: 0, Skipped: 0, Time elapsed: 0.002 s -- in com.cedarsoftware.util.convert.ConverterArrayCollectionTest$ArrayCollectionConversionTests
[INFO] Running com.cedarsoftware.util.convert.ConverterArrayCollectionTest$EnumSetConversionTests
[INFO] Tests run: 13, Failures: 0, Errors: 0, Skipped: 0, Time elapsed: 0.002 s -- in com.cedarsoftware.util.convert.ConverterArrayCollectionTest$EnumSetConversionTests
[INFO] Running com.cedarsoftware.util.convert.ConverterArrayCollectionTest$ListConversionTests
[INFO] Tests run: 3, Failures: 0, Errors: 0, Skipped: 0, Time elapsed: 0 s -- in com.cedarsoftware.util.convert.ConverterArrayCollectionTest$ListConversionTests
[INFO] Running com.cedarsoftware.util.convert.ConverterArrayCollectionTest$PrimitiveArrayConversionTests
[INFO] Tests run: 5, Failures: 0, Errors: 0, Skipped: 0, Time elapsed: 0.002 s -- in com.cedarsoftware.util.convert.ConverterArrayCollectionTest$PrimitiveArrayConversionTests
[INFO] Running com.cedarsoftware.util.convert.ConverterArrayCollectionTest$SetConversionTests
[INFO] Tests run: 4, Failures: 0, Errors: 0, Skipped: 0, Time elapsed: 0.001 s -- in com.cedarsoftware.util.convert.ConverterArrayCollectionTest$SetConversionTests
[INFO] Running com.cedarsoftware.util.convert.ConverterArrayCollectionTest$UnsupportedConversionTests
[INFO] Tests run: 2, Failures: 0, Errors: 0, Skipped: 0, Time elapsed: 0 s -- in com.cedarsoftware.util.convert.ConverterArrayCollectionTest$UnsupportedConversionTests
[INFO] Tests run: 6, Failures: 0, Errors: 0, Skipped: 0, Time elapsed: 0.009 s -- in com.cedarsoftware.util.convert.ConverterArrayCollectionTest
[INFO] Running com.cedarsoftware.util.convert.ConverterEverythingTest
Total conversion pairs      = 773
Conversion pairs tested     = 773
Conversion pairs not tested = 0
Tests needed []
[INFO] Tests run: 7496, Failures: 0, Errors: 0, Skipped: 0, Time elapsed: 1.605 s -- in com.cedarsoftware.util.convert.ConverterEverythingTest
[INFO] Running com.cedarsoftware.util.convert.ConverterTest
[INFO] Tests run: 1616, Failures: 0, Errors: 0, Skipped: 0, Time elapsed: 0.224 s -- in com.cedarsoftware.util.convert.ConverterTest
[INFO] Running com.cedarsoftware.util.convert.CurrencyConversionsTest
[INFO] Tests run: 5, Failures: 0, Errors: 0, Skipped: 0, Time elapsed: 0.003 s -- in com.cedarsoftware.util.convert.CurrencyConversionsTest
[INFO] Running com.cedarsoftware.util.convert.MapConversionTests
[INFO] Tests run: 43, Failures: 0, Errors: 0, Skipped: 0, Time elapsed: 0.003 s -- in com.cedarsoftware.util.convert.MapConversionTests
[INFO] Running com.cedarsoftware.util.convert.OffsetDateTimeConversionsTests
[INFO] Tests run: 48, Failures: 0, Errors: 0, Skipped: 0, Time elapsed: 0.005 s -- in com.cedarsoftware.util.convert.OffsetDateTimeConversionsTests
[INFO] Running com.cedarsoftware.util.convert.PatternConversionsTest
[INFO] Tests run: 5, Failures: 0, Errors: 0, Skipped: 0, Time elapsed: 0.001 s -- in com.cedarsoftware.util.convert.PatternConversionsTest
[INFO] Running com.cedarsoftware.util.convert.StringConversionsTests
[INFO] Tests run: 111, Failures: 0, Errors: 0, Skipped: 0, Time elapsed: 0.013 s -- in com.cedarsoftware.util.convert.StringConversionsTests
[INFO] Running com.cedarsoftware.util.convert.TimestampConversionsTest
[INFO] Tests run: 3, Failures: 0, Errors: 0, Skipped: 0, Time elapsed: 0.001 s -- in com.cedarsoftware.util.convert.TimestampConversionsTest
[INFO] Running com.cedarsoftware.util.convert.VoidConversionsTests
[INFO] Tests run: 36, Failures: 0, Errors: 0, Skipped: 0, Time elapsed: 0.003 s -- in com.cedarsoftware.util.convert.VoidConversionsTests
[INFO] Running com.cedarsoftware.util.convert.WrappedCollectionsConversionTest
[INFO] Tests run: 14, Failures: 0, Errors: 0, Skipped: 0, Time elapsed: 0.002 s -- in com.cedarsoftware.util.convert.WrappedCollectionsConversionTest
[INFO] Running com.cedarsoftware.util.convert.ZonedDateTimeConversionsTests
[INFO] Tests run: 3, Failures: 0, Errors: 0, Skipped: 0, Time elapsed: 0.001 s -- in com.cedarsoftware.util.convert.ZonedDateTimeConversionsTests
[INFO] 
[INFO] Results:
[INFO] 
[WARNING] Tests run: 11149, Failures: 0, Errors: 0, Skipped: 29
[INFO] 
[INFO] 
[INFO] --- bundle:6.0.0:bundle (default-bundle) @ java-util ---
[INFO] Building bundle: /Users/atish/Documents/Agent-PR/msr-mining-2026/scripts/accepted-pr-repos/java-util/target/java-util-3.3.3-SNAPSHOT.jar
[INFO] Writing manifest: /Users/atish/Documents/Agent-PR/msr-mining-2026/scripts/accepted-pr-repos/java-util/target/classes/META-INF/MANIFEST.MF
[INFO] 
[INFO] --- source:3.3.1:jar-no-fork (attach-sources) @ java-util ---
[INFO] 
[INFO] --- javadoc:3.11.2:jar (attach-javadocs) @ java-util ---
[INFO] Skipping javadoc generation, everything is up to date.
[INFO] Building jar: /Users/atish/Documents/Agent-PR/msr-mining-2026/scripts/accepted-pr-repos/java-util/target/java-util-3.3.3-SNAPSHOT-javadoc.jar
[INFO] 
[INFO] --- moditect:1.2.2.Final:add-module-info (add-module-infos) @ java-util ---
[INFO] ------------------------------------------------------------------------
[INFO] BUILD SUCCESS
[INFO] ------------------------------------------------------------------------
[INFO] Total time:  10.658 s
[INFO] Finished at: 2025-12-09T11:59:53-05:00
[INFO] ------------------------------------------------------------------------
